<?xml version="1.0" encoding="UTF-8"?>
<!-- Generated by org.testng.reporters.JUnitXMLReporter -->
<testsuite ignored="0" hostname="Naresh-Acer-143" failures="0" tests="5" name="Open Cart Home Page Test_chrome" time="32.344" errors="0" timestamp="2025-06-07T18:51:31 IST">
  <testcase classname="com.qa.opencart.tests.HomePageTest" name="homePageTitleTest" time="0.061"/>
  <testcase classname="com.qa.opencart.tests.HomePageTest" name="homePageURLTest" time="0.005"/>
  <testcase classname="com.qa.opencart.tests.HomePageTest" name="searchTest" time="5.81"/>
  <testcase classname="com.qa.opencart.tests.HomePageTest" name="searchTest" time="5.555"/>
  <testcase classname="com.qa.opencart.tests.HomePageTest" name="searchTest" time="5.516"/>
</testsuite> <!-- Open Cart Home Page Test_chrome -->
