<?xml version="1.0" encoding="UTF-8"?>
<!-- Generated by org.testng.reporters.JUnitXMLReporter -->
<testsuite ignored="0" hostname="Naresh-Acer-143" failures="0" tests="3" name="Open Cart Login Page Test_safari" time="10.055" errors="0" timestamp="2025-06-07T12:16:13 IST">
  <testcase classname="com.qa.opencart.tests.LoginPageTest" name="loginPageNavigationTest" time="0.818"/>
  <testcase classname="com.qa.opencart.tests.LoginPageTest" name="forgotPwdLinkExistTest" time="0.032"/>
  <testcase classname="com.qa.opencart.tests.LoginPageTest" name="appLoginTest" time="0.661"/>
</testsuite> <!-- Open Cart Login Page Test_safari -->
