<?xml version="1.0" encoding="UTF-8"?>
<!-- Generated by org.testng.reporters.JUnitXMLReporter -->
<testsuite ignored="0" hostname="Naresh-Acer-143" failures="0" tests="5" name="Open Cart Home Page Test_chrome" time="40.968" errors="0" timestamp="2025-06-07T12:16:03 IST">
  <testcase classname="com.qa.opencart.tests.HomePageTest" name="homePageTitleTest" time="0.081"/>
  <testcase classname="com.qa.opencart.tests.HomePageTest" name="homePageURLTest" time="0.003"/>
  <testcase classname="com.qa.opencart.tests.HomePageTest" name="searchTest" time="5.79"/>
  <testcase classname="com.qa.opencart.tests.HomePageTest" name="searchTest" time="5.531"/>
  <testcase classname="com.qa.opencart.tests.HomePageTest" name="searchTest" time="5.598"/>
</testsuite> <!-- Open Cart Home Page Test_chrome -->
