<?xml version="1.0" encoding="UTF-8"?>
<!-- Generated by org.testng.reporters.JUnitXMLReporter -->
<testsuite ignored="0" hostname="Naresh-Acer-143" failures="0" tests="3" name="Open Cart Login Page Test_safari" time="7.71" errors="0" timestamp="2025-06-08T12:30:37 IST">
  <testcase classname="com.qa.opencart.tests.LoginPageTest" name="loginPageNavigationTest" time="0.638"/>
  <testcase classname="com.qa.opencart.tests.LoginPageTest" name="forgotPwdLinkExistTest" time="0.036"/>
  <testcase classname="com.qa.opencart.tests.LoginPageTest" name="appLoginTest" time="0.633"/>
</testsuite> <!-- Open Cart Login Page Test_safari -->
