<?xml version="1.0" encoding="UTF-8"?>
<testng-results ignored="0" total="9" passed="9" failed="0" skipped="0">
  <reporter-output>
  </reporter-output>
  <suite started-at="2025-06-07T18:50:58 IST" name="Open Cart Test Regression PW Suite" finished-at="2025-06-07T18:51:52 IST" duration-ms="53414">
    <groups>
    </groups>
    <test started-at="2025-06-07T18:50:58 IST" name="Open Cart Home Page Test_chrome" finished-at="2025-06-07T18:51:30 IST" duration-ms="32344">
      <class name="com.qa.opencart.tests.HomePageTest">
        <test-method is-config="true" signature="setup()[pri:0, instance:com.qa.opencart.tests.HomePageTest@d737b89]" started-at="2025-06-07T18:50:58 IST" name="setup" finished-at="2025-06-07T18:51:13 IST" duration-ms="14572" status="PASS">
          <reporter-output>
          </reporter-output>
        </test-method> <!-- setup -->
        <test-method signature="homePageTitleTest()[pri:0, instance:com.qa.opencart.tests.HomePageTest@d737b89]" started-at="2025-06-07T18:51:13 IST" name="homePageTitleTest" finished-at="2025-06-07T18:51:13 IST" duration-ms="61" status="PASS">
          <reporter-output>
          </reporter-output>
        </test-method> <!-- homePageTitleTest -->
        <test-method signature="homePageURLTest()[pri:0, instance:com.qa.opencart.tests.HomePageTest@d737b89]" started-at="2025-06-07T18:51:13 IST" name="homePageURLTest" finished-at="2025-06-07T18:51:13 IST" duration-ms="5" status="PASS">
          <reporter-output>
          </reporter-output>
        </test-method> <!-- homePageURLTest -->
        <test-method signature="searchTest(java.lang.String)[pri:0, instance:com.qa.opencart.tests.HomePageTest@d737b89]" started-at="2025-06-07T18:51:13 IST" name="searchTest" data-provider="getProductData" finished-at="2025-06-07T18:51:19 IST" duration-ms="5810" status="PASS">
          <params>
            <param index="0">
              <value>
                <![CDATA[Macbook]]>
              </value>
            </param>
          </params>
          <reporter-output>
          </reporter-output>
        </test-method> <!-- searchTest -->
        <test-method signature="searchTest(java.lang.String)[pri:0, instance:com.qa.opencart.tests.HomePageTest@d737b89]" started-at="2025-06-07T18:51:19 IST" name="searchTest" data-provider="getProductData" finished-at="2025-06-07T18:51:24 IST" duration-ms="5555" status="PASS">
          <params>
            <param index="0">
              <value>
                <![CDATA[iMac]]>
              </value>
            </param>
          </params>
          <reporter-output>
          </reporter-output>
        </test-method> <!-- searchTest -->
        <test-method signature="searchTest(java.lang.String)[pri:0, instance:com.qa.opencart.tests.HomePageTest@d737b89]" started-at="2025-06-07T18:51:24 IST" name="searchTest" data-provider="getProductData" finished-at="2025-06-07T18:51:30 IST" duration-ms="5516" status="PASS">
          <params>
            <param index="0">
              <value>
                <![CDATA[Samsung]]>
              </value>
            </param>
          </params>
          <reporter-output>
          </reporter-output>
        </test-method> <!-- searchTest -->
        <test-method is-config="true" signature="tearDown()[pri:0, instance:com.qa.opencart.tests.HomePageTest@d737b89]" started-at="2025-06-07T18:51:30 IST" name="tearDown" finished-at="2025-06-07T18:51:30 IST" duration-ms="717" status="PASS">
          <reporter-output>
          </reporter-output>
        </test-method> <!-- tearDown -->
      </class> <!-- com.qa.opencart.tests.HomePageTest -->
    </test> <!-- Open Cart Home Page Test_chrome -->
    <test started-at="2025-06-07T18:51:31 IST" name="Open Cart Login Page Test_safari" finished-at="2025-06-07T18:51:41 IST" duration-ms="9909">
      <class name="com.qa.opencart.tests.LoginPageTest">
        <test-method is-config="true" signature="setup()[pri:0, instance:com.qa.opencart.tests.LoginPageTest@359df09a]" started-at="2025-06-07T18:51:31 IST" name="setup" finished-at="2025-06-07T18:51:40 IST" duration-ms="8345" status="PASS">
          <reporter-output>
          </reporter-output>
        </test-method> <!-- setup -->
        <test-method signature="loginPageNavigationTest()[pri:1, instance:com.qa.opencart.tests.LoginPageTest@359df09a]" started-at="2025-06-07T18:51:40 IST" name="loginPageNavigationTest" finished-at="2025-06-07T18:51:40 IST" duration-ms="694" status="PASS">
          <reporter-output>
          </reporter-output>
        </test-method> <!-- loginPageNavigationTest -->
        <test-method signature="forgotPwdLinkExistTest()[pri:2, instance:com.qa.opencart.tests.LoginPageTest@359df09a]" started-at="2025-06-07T18:51:40 IST" name="forgotPwdLinkExistTest" finished-at="2025-06-07T18:51:40 IST" duration-ms="30" status="PASS">
          <reporter-output>
          </reporter-output>
        </test-method> <!-- forgotPwdLinkExistTest -->
        <test-method signature="appLoginTest()[pri:3, instance:com.qa.opencart.tests.LoginPageTest@359df09a]" started-at="2025-06-07T18:51:40 IST" name="appLoginTest" finished-at="2025-06-07T18:51:41 IST" duration-ms="563" status="PASS">
          <reporter-output>
          </reporter-output>
        </test-method> <!-- appLoginTest -->
        <test-method is-config="true" signature="tearDown()[pri:0, instance:com.qa.opencart.tests.LoginPageTest@359df09a]" started-at="2025-06-07T18:51:41 IST" name="tearDown" finished-at="2025-06-07T18:51:41 IST" duration-ms="266" status="PASS">
          <reporter-output>
          </reporter-output>
        </test-method> <!-- tearDown -->
      </class> <!-- com.qa.opencart.tests.LoginPageTest -->
    </test> <!-- Open Cart Login Page Test_safari -->
    <test started-at="2025-06-07T18:51:41 IST" name="Iphone add to cart" finished-at="2025-06-07T18:51:52 IST" duration-ms="10137">
      <class name="com.qa.opencart.tests.CartClickTest">
        <test-method is-config="true" signature="setup()[pri:0, instance:com.qa.opencart.tests.CartClickTest@23e84203]" started-at="2025-06-07T18:51:41 IST" name="setup" finished-at="2025-06-07T18:51:46 IST" duration-ms="4772" status="PASS">
          <reporter-output>
          </reporter-output>
        </test-method> <!-- setup -->
        <test-method signature="CartAdd()[pri:0, instance:com.qa.opencart.tests.CartClickTest@23e84203]" started-at="2025-06-07T18:51:46 IST" name="CartAdd" finished-at="2025-06-07T18:51:51 IST" duration-ms="4970" status="PASS">
          <reporter-output>
          </reporter-output>
        </test-method> <!-- CartAdd -->
        <test-method is-config="true" signature="tearDown()[pri:0, instance:com.qa.opencart.tests.CartClickTest@23e84203]" started-at="2025-06-07T18:51:51 IST" name="tearDown" finished-at="2025-06-07T18:51:52 IST" duration-ms="391" status="PASS">
          <reporter-output>
          </reporter-output>
        </test-method> <!-- tearDown -->
      </class> <!-- com.qa.opencart.tests.CartClickTest -->
    </test> <!-- Iphone add to cart -->
  </suite> <!-- Open Cart Test Regression PW Suite -->
</testng-results>
