<?xml version="1.0" encoding="UTF-8"?>
<testng-results ignored="0" total="9" passed="9" failed="0" skipped="0">
  <reporter-output>
  </reporter-output>
  <suite started-at="2025-06-08T13:03:06 IST" name="Open Cart Test Regression PW Suite" finished-at="2025-06-08T13:03:55 IST" duration-ms="48718">
    <groups>
    </groups>
    <test started-at="2025-06-08T13:03:06 IST" name="Open Cart Home Page Test_chrome" finished-at="2025-06-08T13:03:38 IST" duration-ms="32009">
      <class name="com.qa.opencart.tests.HomePageTest">
        <test-method is-config="true" signature="setup()[pri:0, instance:com.qa.opencart.tests.HomePageTest@33bc72d1]" started-at="2025-06-08T13:03:06 IST" name="setup" finished-at="2025-06-08T13:03:21 IST" duration-ms="14650" status="PASS">
          <reporter-output>
          </reporter-output>
        </test-method> <!-- setup -->
        <test-method signature="homePageTitleTest()[pri:0, instance:com.qa.opencart.tests.HomePageTest@33bc72d1]" started-at="2025-06-08T13:03:21 IST" name="homePageTitleTest" finished-at="2025-06-08T13:03:21 IST" duration-ms="49" status="PASS">
          <reporter-output>
          </reporter-output>
        </test-method> <!-- homePageTitleTest -->
        <test-method signature="homePageURLTest()[pri:0, instance:com.qa.opencart.tests.HomePageTest@33bc72d1]" started-at="2025-06-08T13:03:21 IST" name="homePageURLTest" finished-at="2025-06-08T13:03:21 IST" duration-ms="4" status="PASS">
          <reporter-output>
          </reporter-output>
        </test-method> <!-- homePageURLTest -->
        <test-method signature="searchTest(java.lang.String)[pri:0, instance:com.qa.opencart.tests.HomePageTest@33bc72d1]" started-at="2025-06-08T13:03:21 IST" name="searchTest" data-provider="getProductData" finished-at="2025-06-08T13:03:27 IST" duration-ms="5844" status="PASS">
          <params>
            <param index="0">
              <value>
                <![CDATA[Macbook]]>
              </value>
            </param>
          </params>
          <reporter-output>
          </reporter-output>
        </test-method> <!-- searchTest -->
        <test-method signature="searchTest(java.lang.String)[pri:0, instance:com.qa.opencart.tests.HomePageTest@33bc72d1]" started-at="2025-06-08T13:03:27 IST" name="searchTest" data-provider="getProductData" finished-at="2025-06-08T13:03:32 IST" duration-ms="5498" status="PASS">
          <params>
            <param index="0">
              <value>
                <![CDATA[iMac]]>
              </value>
            </param>
          </params>
          <reporter-output>
          </reporter-output>
        </test-method> <!-- searchTest -->
        <test-method signature="searchTest(java.lang.String)[pri:0, instance:com.qa.opencart.tests.HomePageTest@33bc72d1]" started-at="2025-06-08T13:03:32 IST" name="searchTest" data-provider="getProductData" finished-at="2025-06-08T13:03:38 IST" duration-ms="5580" status="PASS">
          <params>
            <param index="0">
              <value>
                <![CDATA[Samsung]]>
              </value>
            </param>
          </params>
          <reporter-output>
          </reporter-output>
        </test-method> <!-- searchTest -->
        <test-method is-config="true" signature="tearDown()[pri:0, instance:com.qa.opencart.tests.HomePageTest@33bc72d1]" started-at="2025-06-08T13:03:38 IST" name="tearDown" finished-at="2025-06-08T13:03:38 IST" duration-ms="290" status="PASS">
          <reporter-output>
          </reporter-output>
        </test-method> <!-- tearDown -->
      </class> <!-- com.qa.opencart.tests.HomePageTest -->
    </test> <!-- Open Cart Home Page Test_chrome -->
    <test started-at="2025-06-08T13:03:39 IST" name="Open Cart Login Page Test_safari" finished-at="2025-06-08T13:03:45 IST" duration-ms="6216">
      <class name="com.qa.opencart.tests.LoginPageTest">
        <test-method is-config="true" signature="setup()[pri:0, instance:com.qa.opencart.tests.LoginPageTest@45d84a20]" started-at="2025-06-08T13:03:39 IST" name="setup" finished-at="2025-06-08T13:03:43 IST" duration-ms="4801" status="PASS">
          <reporter-output>
          </reporter-output>
        </test-method> <!-- setup -->
        <test-method signature="loginPageNavigationTest()[pri:1, instance:com.qa.opencart.tests.LoginPageTest@45d84a20]" started-at="2025-06-08T13:03:43 IST" name="loginPageNavigationTest" finished-at="2025-06-08T13:03:44 IST" duration-ms="610" status="PASS">
          <reporter-output>
          </reporter-output>
        </test-method> <!-- loginPageNavigationTest -->
        <test-method signature="forgotPwdLinkExistTest()[pri:2, instance:com.qa.opencart.tests.LoginPageTest@45d84a20]" started-at="2025-06-08T13:03:44 IST" name="forgotPwdLinkExistTest" finished-at="2025-06-08T13:03:44 IST" duration-ms="37" status="PASS">
          <reporter-output>
          </reporter-output>
        </test-method> <!-- forgotPwdLinkExistTest -->
        <test-method signature="appLoginTest()[pri:3, instance:com.qa.opencart.tests.LoginPageTest@45d84a20]" started-at="2025-06-08T13:03:44 IST" name="appLoginTest" finished-at="2025-06-08T13:03:45 IST" duration-ms="522" status="PASS">
          <reporter-output>
          </reporter-output>
        </test-method> <!-- appLoginTest -->
        <test-method is-config="true" signature="tearDown()[pri:0, instance:com.qa.opencart.tests.LoginPageTest@45d84a20]" started-at="2025-06-08T13:03:45 IST" name="tearDown" finished-at="2025-06-08T13:03:45 IST" duration-ms="232" status="PASS">
          <reporter-output>
          </reporter-output>
        </test-method> <!-- tearDown -->
      </class> <!-- com.qa.opencart.tests.LoginPageTest -->
    </test> <!-- Open Cart Login Page Test_safari -->
    <test started-at="2025-06-08T13:03:45 IST" name="Iphone add to cart" finished-at="2025-06-08T13:03:55 IST" duration-ms="9771">
      <class name="com.qa.opencart.tests.CartClickTest">
        <test-method is-config="true" signature="setup()[pri:0, instance:com.qa.opencart.tests.CartClickTest@4d0d9fe7]" started-at="2025-06-08T13:03:45 IST" name="setup" finished-at="2025-06-08T13:03:49 IST" duration-ms="4586" status="PASS">
          <reporter-output>
          </reporter-output>
        </test-method> <!-- setup -->
        <test-method signature="CartAdd()[pri:0, instance:com.qa.opencart.tests.CartClickTest@4d0d9fe7]" started-at="2025-06-08T13:03:49 IST" name="CartAdd" finished-at="2025-06-08T13:03:54 IST" duration-ms="4954" status="PASS">
          <reporter-output>
          </reporter-output>
        </test-method> <!-- CartAdd -->
        <test-method is-config="true" signature="tearDown()[pri:0, instance:com.qa.opencart.tests.CartClickTest@4d0d9fe7]" started-at="2025-06-08T13:03:54 IST" name="tearDown" finished-at="2025-06-08T13:03:55 IST" duration-ms="226" status="PASS">
          <reporter-output>
          </reporter-output>
        </test-method> <!-- tearDown -->
      </class> <!-- com.qa.opencart.tests.CartClickTest -->
    </test> <!-- Iphone add to cart -->
  </suite> <!-- Open Cart Test Regression PW Suite -->
</testng-results>
